<?xml version="1.0" encoding="UTF-8"?>
<!-- Generated by org.testng.reporters.JUnitReportReporter -->
<testsuite hostname="DESKTOP-V34LF86" failures="0" tests="1" name="com.condos.testcases.testcases" time="0.091" errors="0" timestamp="2022-01-01T00:06:30 GMT-06:00" skipped="0">
  <testcase classname="com.condos.testcases.testcases" name="printingPrice" time="0.091"/>
  <system-out/>
</testsuite> <!-- com.condos.testcases.testcases -->
